{"C:\\Users\\peter\\Google Drive\\Springboard Exercises\\Section 3\\express-biztime\\_test-helpers.js": {"path":"C:\\Users\\peter\\Google Drive\\Springboard Exercises\\Section 3\\express-biztime\\_test-helpers.js","statementMap":{"0":{"start":{"line":1,"column":11},"end":{"line":1,"column":26}},"1":{"start":{"line":4,"column":2},"end":{"line":4,"column":43}},"2":{"start":{"line":5,"column":2},"end":{"line":5,"column":43}},"3":{"start":{"line":6,"column":2},"end":{"line":6,"column":41}},"4":{"start":{"line":7,"column":2},"end":{"line":7,"column":42}},"5":{"start":{"line":9,"column":2},"end":{"line":9,"column":55}},"6":{"start":{"line":11,"column":2},"end":{"line":15,"column":4}},"7":{"start":{"line":17,"column":2},"end":{"line":22,"column":4}},"8":{"start":{"line":24,"column":2},"end":{"line":30,"column":4}},"9":{"start":{"line":32,"column":2},"end":{"line":39,"column":4}},"10":{"start":{"line":42,"column":0},"end":{"line":42,"column":30}}},"fnMap":{"0":{"name":"makeData","decl":{"start":{"line":3,"column":15},"end":{"line":3,"column":23}},"loc":{"start":{"line":3,"column":26},"end":{"line":40,"column":1}},"line":3}},"branchMap":{},"s":{"0":3,"1":29,"2":29,"3":29,"4":29,"5":29,"6":29,"7":15,"8":14,"9":11,"10":3},"f":{"0":29},"b":{},"_coverageSchema":"1a1c01bbd47fc00a2c39e90264f33305004495a9","hash":"bd7d81c21fb1348b99a602cc6f5192ae98991887"}
,"C:\\Users\\peter\\Google Drive\\Springboard Exercises\\Section 3\\express-biztime\\app.js": {"path":"C:\\Users\\peter\\Google Drive\\Springboard Exercises\\Section 3\\express-biztime\\app.js","statementMap":{"0":{"start":{"line":3,"column":16},"end":{"line":3,"column":34}},"1":{"start":{"line":5,"column":12},"end":{"line":5,"column":21}},"2":{"start":{"line":6,"column":22},"end":{"line":6,"column":51}},"3":{"start":{"line":7,"column":22},"end":{"line":7,"column":50}},"4":{"start":{"line":8,"column":23},"end":{"line":8,"column":53}},"5":{"start":{"line":9,"column":21},"end":{"line":9,"column":46}},"6":{"start":{"line":11,"column":0},"end":{"line":11,"column":24}},"7":{"start":{"line":13,"column":0},"end":{"line":13,"column":37}},"8":{"start":{"line":14,"column":0},"end":{"line":14,"column":36}},"9":{"start":{"line":15,"column":0},"end":{"line":15,"column":39}},"10":{"start":{"line":19,"column":0},"end":{"line":22,"column":3}},"11":{"start":{"line":20,"column":14},"end":{"line":20,"column":48}},"12":{"start":{"line":21,"column":2},"end":{"line":21,"column":19}},"13":{"start":{"line":26,"column":0},"end":{"line":33,"column":3}},"14":{"start":{"line":27,"column":2},"end":{"line":27,"column":32}},"15":{"start":{"line":29,"column":2},"end":{"line":32,"column":5}},"16":{"start":{"line":35,"column":0},"end":{"line":35,"column":21}}},"fnMap":{"0":{"name":"(anonymous_0)","decl":{"start":{"line":19,"column":8},"end":{"line":19,"column":9}},"loc":{"start":{"line":19,"column":34},"end":{"line":22,"column":1}},"line":19},"1":{"name":"(anonymous_1)","decl":{"start":{"line":26,"column":8},"end":{"line":26,"column":9}},"loc":{"start":{"line":26,"column":33},"end":{"line":33,"column":1}},"line":26}},"branchMap":{"0":{"loc":{"start":{"line":27,"column":13},"end":{"line":27,"column":30}},"type":"binary-expr","locations":[{"start":{"line":27,"column":13},"end":{"line":27,"column":23}},{"start":{"line":27,"column":27},"end":{"line":27,"column":30}}],"line":27}},"s":{"0":3,"1":3,"2":3,"3":3,"4":3,"5":3,"6":3,"7":3,"8":3,"9":3,"10":3,"11":0,"12":0,"13":3,"14":17,"15":17,"16":3},"f":{"0":0,"1":17},"b":{"0":[17,6]},"_coverageSchema":"1a1c01bbd47fc00a2c39e90264f33305004495a9","hash":"c197a8f4f56c6574ecea4d4602bdb915796df030"}
,"C:\\Users\\peter\\Google Drive\\Springboard Exercises\\Section 3\\express-biztime\\db.js": {"path":"C:\\Users\\peter\\Google Drive\\Springboard Exercises\\Section 3\\express-biztime\\db.js","statementMap":{"0":{"start":{"line":3,"column":19},"end":{"line":3,"column":32}},"1":{"start":{"line":9,"column":0},"end":{"line":13,"column":1}},"2":{"start":{"line":10,"column":2},"end":{"line":10,"column":40}},"3":{"start":{"line":12,"column":2},"end":{"line":12,"column":35}},"4":{"start":{"line":15,"column":9},"end":{"line":15,"column":49}},"5":{"start":{"line":17,"column":0},"end":{"line":17,"column":13}},"6":{"start":{"line":19,"column":0},"end":{"line":19,"column":20}}},"fnMap":{},"branchMap":{"0":{"loc":{"start":{"line":9,"column":0},"end":{"line":13,"column":1}},"type":"if","locations":[{"start":{"line":9,"column":0},"end":{"line":13,"column":1}},{"start":{"line":9,"column":0},"end":{"line":13,"column":1}}],"line":9}},"s":{"0":3,"1":3,"2":3,"3":0,"4":3,"5":3,"6":3},"f":{},"b":{"0":[3,0]},"_coverageSchema":"1a1c01bbd47fc00a2c39e90264f33305004495a9","hash":"297f866196f084ff9163ed384c3a3514806786e6"}
,"C:\\Users\\peter\\Google Drive\\Springboard Exercises\\Section 3\\express-biztime\\expressError.js": {"path":"C:\\Users\\peter\\Google Drive\\Springboard Exercises\\Section 3\\express-biztime\\expressError.js","statementMap":{"0":{"start":{"line":9,"column":4},"end":{"line":9,"column":12}},"1":{"start":{"line":10,"column":4},"end":{"line":10,"column":27}},"2":{"start":{"line":11,"column":4},"end":{"line":11,"column":25}},"3":{"start":{"line":12,"column":4},"end":{"line":12,"column":30}},"4":{"start":{"line":17,"column":0},"end":{"line":17,"column":30}}},"fnMap":{"0":{"name":"(anonymous_0)","decl":{"start":{"line":8,"column":2},"end":{"line":8,"column":3}},"loc":{"start":{"line":8,"column":31},"end":{"line":13,"column":3}},"line":8}},"branchMap":{},"s":{"0":11,"1":11,"2":11,"3":11,"4":3},"f":{"0":11},"b":{},"_coverageSchema":"1a1c01bbd47fc00a2c39e90264f33305004495a9","hash":"17a2732d803fd88c01246cb1d4360c3b8d21f13a"}
,"C:\\Users\\peter\\Google Drive\\Springboard Exercises\\Section 3\\express-biztime\\routes\\companies.js": {"path":"C:\\Users\\peter\\Google Drive\\Springboard Exercises\\Section 3\\express-biztime\\routes\\companies.js","statementMap":{"0":{"start":{"line":3,"column":16},"end":{"line":3,"column":34}},"1":{"start":{"line":4,"column":16},"end":{"line":4,"column":34}},"2":{"start":{"line":5,"column":15},"end":{"line":5,"column":35}},"3":{"start":{"line":6,"column":11},"end":{"line":6,"column":27}},"4":{"start":{"line":7,"column":21},"end":{"line":7,"column":47}},"5":{"start":{"line":10,"column":0},"end":{"line":17,"column":3}},"6":{"start":{"line":11,"column":2},"end":{"line":16,"column":3}},"7":{"start":{"line":12,"column":27},"end":{"line":12,"column":77}},"8":{"start":{"line":13,"column":4},"end":{"line":13,"column":56}},"9":{"start":{"line":15,"column":4},"end":{"line":15,"column":21}},"10":{"start":{"line":21,"column":0},"end":{"line":58,"column":3}},"11":{"start":{"line":22,"column":2},"end":{"line":57,"column":3}},"12":{"start":{"line":23,"column":25},"end":{"line":26,"column":5}},"13":{"start":{"line":28,"column":25},"end":{"line":33,"column":5}},"14":{"start":{"line":35,"column":26},"end":{"line":42,"column":5}},"15":{"start":{"line":44,"column":4},"end":{"line":49,"column":5}},"16":{"start":{"line":45,"column":6},"end":{"line":48,"column":8}},"17":{"start":{"line":51,"column":18},"end":{"line":51,"column":38}},"18":{"start":{"line":52,"column":4},"end":{"line":52,"column":41}},"19":{"start":{"line":53,"column":4},"end":{"line":53,"column":44}},"20":{"start":{"line":54,"column":4},"end":{"line":54,"column":42}},"21":{"start":{"line":56,"column":4},"end":{"line":56,"column":21}},"22":{"start":{"line":61,"column":0},"end":{"line":78,"column":3}},"23":{"start":{"line":62,"column":2},"end":{"line":77,"column":3}},"24":{"start":{"line":63,"column":19},"end":{"line":72,"column":5}},"25":{"start":{"line":74,"column":4},"end":{"line":74,"column":61}},"26":{"start":{"line":76,"column":4},"end":{"line":76,"column":21}},"27":{"start":{"line":81,"column":0},"end":{"line":101,"column":3}},"28":{"start":{"line":82,"column":2},"end":{"line":100,"column":3}},"29":{"start":{"line":83,"column":19},"end":{"line":89,"column":5}},"30":{"start":{"line":91,"column":4},"end":{"line":96,"column":5}},"31":{"start":{"line":92,"column":6},"end":{"line":95,"column":8}},"32":{"start":{"line":97,"column":4},"end":{"line":97,"column":49}},"33":{"start":{"line":99,"column":4},"end":{"line":99,"column":21}},"34":{"start":{"line":104,"column":0},"end":{"line":121,"column":3}},"35":{"start":{"line":105,"column":2},"end":{"line":120,"column":3}},"36":{"start":{"line":106,"column":19},"end":{"line":109,"column":5}},"37":{"start":{"line":111,"column":4},"end":{"line":116,"column":5}},"38":{"start":{"line":112,"column":6},"end":{"line":115,"column":8}},"39":{"start":{"line":117,"column":4},"end":{"line":117,"column":43}},"40":{"start":{"line":119,"column":4},"end":{"line":119,"column":21}},"41":{"start":{"line":123,"column":0},"end":{"line":123,"column":24}}},"fnMap":{"0":{"name":"(anonymous_0)","decl":{"start":{"line":10,"column":16},"end":{"line":10,"column":17}},"loc":{"start":{"line":10,"column":42},"end":{"line":17,"column":1}},"line":10},"1":{"name":"(anonymous_1)","decl":{"start":{"line":21,"column":21},"end":{"line":21,"column":22}},"loc":{"start":{"line":21,"column":47},"end":{"line":58,"column":1}},"line":21},"2":{"name":"(anonymous_2)","decl":{"start":{"line":61,"column":17},"end":{"line":61,"column":18}},"loc":{"start":{"line":61,"column":43},"end":{"line":78,"column":1}},"line":61},"3":{"name":"(anonymous_3)","decl":{"start":{"line":81,"column":21},"end":{"line":81,"column":22}},"loc":{"start":{"line":81,"column":47},"end":{"line":101,"column":1}},"line":81},"4":{"name":"(anonymous_4)","decl":{"start":{"line":104,"column":24},"end":{"line":104,"column":25}},"loc":{"start":{"line":104,"column":50},"end":{"line":121,"column":1}},"line":104}},"branchMap":{"0":{"loc":{"start":{"line":44,"column":4},"end":{"line":49,"column":5}},"type":"if","locations":[{"start":{"line":44,"column":4},"end":{"line":49,"column":5}},{"start":{"line":44,"column":4},"end":{"line":49,"column":5}}],"line":44},"1":{"loc":{"start":{"line":91,"column":4},"end":{"line":96,"column":5}},"type":"if","locations":[{"start":{"line":91,"column":4},"end":{"line":96,"column":5}},{"start":{"line":91,"column":4},"end":{"line":96,"column":5}}],"line":91},"2":{"loc":{"start":{"line":111,"column":4},"end":{"line":116,"column":5}},"type":"if","locations":[{"start":{"line":111,"column":4},"end":{"line":116,"column":5}},{"start":{"line":111,"column":4},"end":{"line":116,"column":5}}],"line":111}},"s":{"0":3,"1":3,"2":3,"3":3,"4":3,"5":3,"6":1,"7":1,"8":1,"9":0,"10":3,"11":2,"12":2,"13":2,"14":2,"15":2,"16":1,"17":1,"18":1,"19":1,"20":1,"21":1,"22":3,"23":2,"24":2,"25":1,"26":1,"27":3,"28":3,"29":3,"30":2,"31":1,"32":1,"33":2,"34":3,"35":2,"36":2,"37":2,"38":1,"39":1,"40":1,"41":3},"f":{"0":1,"1":2,"2":2,"3":3,"4":2},"b":{"0":[1,1],"1":[1,1],"2":[1,1]},"_coverageSchema":"1a1c01bbd47fc00a2c39e90264f33305004495a9","hash":"f4b0c3091fcb19b16cb6b9738db64fd09d5f4ebe"}
,"C:\\Users\\peter\\Google Drive\\Springboard Exercises\\Section 3\\express-biztime\\routes\\industries.js": {"path":"C:\\Users\\peter\\Google Drive\\Springboard Exercises\\Section 3\\express-biztime\\routes\\industries.js","statementMap":{"0":{"start":{"line":3,"column":16},"end":{"line":3,"column":34}},"1":{"start":{"line":4,"column":15},"end":{"line":4,"column":35}},"2":{"start":{"line":5,"column":11},"end":{"line":5,"column":27}},"3":{"start":{"line":6,"column":21},"end":{"line":6,"column":47}},"4":{"start":{"line":9,"column":0},"end":{"line":18,"column":3}},"5":{"start":{"line":10,"column":2},"end":{"line":17,"column":3}},"6":{"start":{"line":11,"column":28},"end":{"line":13,"column":5}},"7":{"start":{"line":14,"column":4},"end":{"line":14,"column":58}},"8":{"start":{"line":16,"column":4},"end":{"line":16,"column":21}},"9":{"start":{"line":21,"column":0},"end":{"line":48,"column":3}},"10":{"start":{"line":22,"column":2},"end":{"line":47,"column":3}},"11":{"start":{"line":23,"column":26},"end":{"line":31,"column":5}},"12":{"start":{"line":33,"column":4},"end":{"line":38,"column":5}},"13":{"start":{"line":34,"column":6},"end":{"line":37,"column":8}},"14":{"start":{"line":40,"column":29},"end":{"line":40,"column":50}},"15":{"start":{"line":41,"column":20},"end":{"line":43,"column":6}},"16":{"start":{"line":42,"column":6},"end":{"line":42,"column":60}},"17":{"start":{"line":44,"column":4},"end":{"line":44,"column":51}},"18":{"start":{"line":46,"column":4},"end":{"line":46,"column":21}},"19":{"start":{"line":51,"column":0},"end":{"line":63,"column":3}},"20":{"start":{"line":52,"column":2},"end":{"line":62,"column":3}},"21":{"start":{"line":53,"column":19},"end":{"line":58,"column":5}},"22":{"start":{"line":59,"column":4},"end":{"line":59,"column":62}},"23":{"start":{"line":61,"column":4},"end":{"line":61,"column":21}},"24":{"start":{"line":66,"column":0},"end":{"line":78,"column":3}},"25":{"start":{"line":67,"column":2},"end":{"line":77,"column":3}},"26":{"start":{"line":68,"column":19},"end":{"line":73,"column":5}},"27":{"start":{"line":74,"column":4},"end":{"line":74,"column":62}},"28":{"start":{"line":76,"column":4},"end":{"line":76,"column":21}},"29":{"start":{"line":81,"column":0},"end":{"line":98,"column":3}},"30":{"start":{"line":82,"column":2},"end":{"line":97,"column":3}},"31":{"start":{"line":83,"column":19},"end":{"line":86,"column":5}},"32":{"start":{"line":88,"column":4},"end":{"line":93,"column":5}},"33":{"start":{"line":89,"column":6},"end":{"line":92,"column":8}},"34":{"start":{"line":94,"column":4},"end":{"line":94,"column":43}},"35":{"start":{"line":96,"column":4},"end":{"line":96,"column":21}},"36":{"start":{"line":100,"column":0},"end":{"line":100,"column":24}}},"fnMap":{"0":{"name":"(anonymous_0)","decl":{"start":{"line":9,"column":16},"end":{"line":9,"column":17}},"loc":{"start":{"line":9,"column":42},"end":{"line":18,"column":1}},"line":9},"1":{"name":"(anonymous_1)","decl":{"start":{"line":21,"column":21},"end":{"line":21,"column":22}},"loc":{"start":{"line":21,"column":47},"end":{"line":48,"column":1}},"line":21},"2":{"name":"(anonymous_2)","decl":{"start":{"line":41,"column":43},"end":{"line":41,"column":44}},"loc":{"start":{"line":41,"column":50},"end":{"line":43,"column":5}},"line":41},"3":{"name":"(anonymous_3)","decl":{"start":{"line":51,"column":17},"end":{"line":51,"column":18}},"loc":{"start":{"line":51,"column":43},"end":{"line":63,"column":1}},"line":51},"4":{"name":"(anonymous_4)","decl":{"start":{"line":66,"column":34},"end":{"line":66,"column":35}},"loc":{"start":{"line":66,"column":60},"end":{"line":78,"column":1}},"line":66},"5":{"name":"(anonymous_5)","decl":{"start":{"line":81,"column":24},"end":{"line":81,"column":25}},"loc":{"start":{"line":81,"column":50},"end":{"line":98,"column":1}},"line":81}},"branchMap":{"0":{"loc":{"start":{"line":33,"column":4},"end":{"line":38,"column":5}},"type":"if","locations":[{"start":{"line":33,"column":4},"end":{"line":38,"column":5}},{"start":{"line":33,"column":4},"end":{"line":38,"column":5}}],"line":33},"1":{"loc":{"start":{"line":88,"column":4},"end":{"line":93,"column":5}},"type":"if","locations":[{"start":{"line":88,"column":4},"end":{"line":93,"column":5}},{"start":{"line":88,"column":4},"end":{"line":93,"column":5}}],"line":88}},"s":{"0":3,"1":3,"2":3,"3":3,"4":3,"5":1,"6":1,"7":1,"8":0,"9":3,"10":2,"11":2,"12":2,"13":1,"14":1,"15":1,"16":1,"17":1,"18":1,"19":3,"20":2,"21":2,"22":1,"23":1,"24":3,"25":3,"26":3,"27":1,"28":2,"29":3,"30":2,"31":2,"32":2,"33":2,"34":0,"35":2,"36":3},"f":{"0":1,"1":2,"2":1,"3":2,"4":3,"5":2},"b":{"0":[1,1],"1":[2,0]},"_coverageSchema":"1a1c01bbd47fc00a2c39e90264f33305004495a9","hash":"fdc9bb0c6588b91833f936f4a80c18cfbfddfa31"}
,"C:\\Users\\peter\\Google Drive\\Springboard Exercises\\Section 3\\express-biztime\\routes\\invoices.js": {"path":"C:\\Users\\peter\\Google Drive\\Springboard Exercises\\Section 3\\express-biztime\\routes\\invoices.js","statementMap":{"0":{"start":{"line":3,"column":16},"end":{"line":3,"column":34}},"1":{"start":{"line":4,"column":15},"end":{"line":4,"column":35}},"2":{"start":{"line":5,"column":11},"end":{"line":5,"column":27}},"3":{"start":{"line":6,"column":21},"end":{"line":6,"column":47}},"4":{"start":{"line":9,"column":0},"end":{"line":16,"column":3}},"5":{"start":{"line":10,"column":2},"end":{"line":15,"column":3}},"6":{"start":{"line":11,"column":26},"end":{"line":11,"column":78}},"7":{"start":{"line":12,"column":4},"end":{"line":12,"column":54}},"8":{"start":{"line":14,"column":4},"end":{"line":14,"column":21}},"9":{"start":{"line":20,"column":0},"end":{"line":54,"column":3}},"10":{"start":{"line":21,"column":2},"end":{"line":53,"column":3}},"11":{"start":{"line":22,"column":25},"end":{"line":28,"column":5}},"12":{"start":{"line":30,"column":4},"end":{"line":35,"column":5}},"13":{"start":{"line":31,"column":6},"end":{"line":34,"column":8}},"14":{"start":{"line":37,"column":18},"end":{"line":48,"column":5}},"15":{"start":{"line":50,"column":4},"end":{"line":50,"column":42}},"16":{"start":{"line":52,"column":4},"end":{"line":52,"column":21}},"17":{"start":{"line":57,"column":0},"end":{"line":70,"column":3}},"18":{"start":{"line":58,"column":2},"end":{"line":69,"column":3}},"19":{"start":{"line":59,"column":19},"end":{"line":64,"column":5}},"20":{"start":{"line":66,"column":4},"end":{"line":66,"column":61}},"21":{"start":{"line":68,"column":4},"end":{"line":68,"column":21}},"22":{"start":{"line":73,"column":0},"end":{"line":123,"column":3}},"23":{"start":{"line":74,"column":2},"end":{"line":122,"column":3}},"24":{"start":{"line":75,"column":20},"end":{"line":80,"column":5}},"25":{"start":{"line":84,"column":4},"end":{"line":118,"column":5}},"26":{"start":{"line":85,"column":6},"end":{"line":88,"column":8}},"27":{"start":{"line":89,"column":11},"end":{"line":118,"column":5}},"28":{"start":{"line":90,"column":6},"end":{"line":96,"column":8}},"29":{"start":{"line":97,"column":11},"end":{"line":118,"column":5}},"30":{"start":{"line":98,"column":6},"end":{"line":104,"column":8}},"31":{"start":{"line":105,"column":11},"end":{"line":118,"column":5}},"32":{"start":{"line":106,"column":6},"end":{"line":112,"column":8}},"33":{"start":{"line":114,"column":6},"end":{"line":117,"column":8}},"34":{"start":{"line":119,"column":4},"end":{"line":119,"column":49}},"35":{"start":{"line":121,"column":4},"end":{"line":121,"column":21}},"36":{"start":{"line":126,"column":0},"end":{"line":143,"column":3}},"37":{"start":{"line":127,"column":2},"end":{"line":142,"column":3}},"38":{"start":{"line":128,"column":19},"end":{"line":131,"column":5}},"39":{"start":{"line":133,"column":4},"end":{"line":138,"column":5}},"40":{"start":{"line":134,"column":6},"end":{"line":137,"column":8}},"41":{"start":{"line":139,"column":4},"end":{"line":139,"column":43}},"42":{"start":{"line":141,"column":4},"end":{"line":141,"column":21}},"43":{"start":{"line":145,"column":0},"end":{"line":145,"column":24}}},"fnMap":{"0":{"name":"(anonymous_0)","decl":{"start":{"line":9,"column":16},"end":{"line":9,"column":17}},"loc":{"start":{"line":9,"column":42},"end":{"line":16,"column":1}},"line":9},"1":{"name":"(anonymous_1)","decl":{"start":{"line":20,"column":19},"end":{"line":20,"column":20}},"loc":{"start":{"line":20,"column":45},"end":{"line":54,"column":1}},"line":20},"2":{"name":"(anonymous_2)","decl":{"start":{"line":57,"column":17},"end":{"line":57,"column":18}},"loc":{"start":{"line":57,"column":43},"end":{"line":70,"column":1}},"line":57},"3":{"name":"(anonymous_3)","decl":{"start":{"line":73,"column":19},"end":{"line":73,"column":20}},"loc":{"start":{"line":73,"column":45},"end":{"line":123,"column":1}},"line":73},"4":{"name":"(anonymous_4)","decl":{"start":{"line":126,"column":22},"end":{"line":126,"column":23}},"loc":{"start":{"line":126,"column":48},"end":{"line":143,"column":1}},"line":126}},"branchMap":{"0":{"loc":{"start":{"line":30,"column":4},"end":{"line":35,"column":5}},"type":"if","locations":[{"start":{"line":30,"column":4},"end":{"line":35,"column":5}},{"start":{"line":30,"column":4},"end":{"line":35,"column":5}}],"line":30},"1":{"loc":{"start":{"line":84,"column":4},"end":{"line":118,"column":5}},"type":"if","locations":[{"start":{"line":84,"column":4},"end":{"line":118,"column":5}},{"start":{"line":84,"column":4},"end":{"line":118,"column":5}}],"line":84},"2":{"loc":{"start":{"line":89,"column":11},"end":{"line":118,"column":5}},"type":"if","locations":[{"start":{"line":89,"column":11},"end":{"line":118,"column":5}},{"start":{"line":89,"column":11},"end":{"line":118,"column":5}}],"line":89},"3":{"loc":{"start":{"line":97,"column":11},"end":{"line":118,"column":5}},"type":"if","locations":[{"start":{"line":97,"column":11},"end":{"line":118,"column":5}},{"start":{"line":97,"column":11},"end":{"line":118,"column":5}}],"line":97},"4":{"loc":{"start":{"line":97,"column":15},"end":{"line":97,"column":53}},"type":"binary-expr","locations":[{"start":{"line":97,"column":15},"end":{"line":97,"column":35}},{"start":{"line":97,"column":39},"end":{"line":97,"column":53}}],"line":97},"5":{"loc":{"start":{"line":105,"column":11},"end":{"line":118,"column":5}},"type":"if","locations":[{"start":{"line":105,"column":11},"end":{"line":118,"column":5}},{"start":{"line":105,"column":11},"end":{"line":118,"column":5}}],"line":105},"6":{"loc":{"start":{"line":105,"column":15},"end":{"line":105,"column":53}},"type":"binary-expr","locations":[{"start":{"line":105,"column":15},"end":{"line":105,"column":36}},{"start":{"line":105,"column":40},"end":{"line":105,"column":53}}],"line":105},"7":{"loc":{"start":{"line":133,"column":4},"end":{"line":138,"column":5}},"type":"if","locations":[{"start":{"line":133,"column":4},"end":{"line":138,"column":5}},{"start":{"line":133,"column":4},"end":{"line":138,"column":5}}],"line":133}},"s":{"0":3,"1":3,"2":3,"3":3,"4":3,"5":1,"6":1,"7":1,"8":0,"9":3,"10":2,"11":2,"12":2,"13":2,"14":0,"15":0,"16":2,"17":3,"18":1,"19":1,"20":1,"21":0,"22":3,"23":3,"24":3,"25":2,"26":2,"27":0,"28":0,"29":0,"30":0,"31":0,"32":0,"33":0,"34":0,"35":3,"36":3,"37":2,"38":2,"39":2,"40":1,"41":1,"42":1,"43":3},"f":{"0":1,"1":2,"2":1,"3":3,"4":2},"b":{"0":[2,0],"1":[2,0],"2":[0,0],"3":[0,0],"4":[0,0],"5":[0,0],"6":[0,0],"7":[1,1]},"_coverageSchema":"1a1c01bbd47fc00a2c39e90264f33305004495a9","hash":"d25d036d48a053bbb30534b67465e45c976432d5"}
}
