TN:
SF:_test-helpers.js
FN:3,makeData
FNF:1
FNH:1
FNDA:29,makeData
DA:1,3
DA:4,29
DA:5,29
DA:6,29
DA:7,29
DA:9,29
DA:11,29
DA:17,15
DA:24,14
DA:32,11
DA:42,3
LF:11
LH:11
BRF:0
BRH:0
end_of_record
TN:
SF:app.js
FN:19,(anonymous_0)
FN:26,(anonymous_1)
FNF:2
FNH:1
FNDA:0,(anonymous_0)
FNDA:17,(anonymous_1)
DA:3,3
DA:5,3
DA:6,3
DA:7,3
DA:8,3
DA:9,3
DA:11,3
DA:13,3
DA:14,3
DA:15,3
DA:19,3
DA:20,0
DA:21,0
DA:26,3
DA:27,17
DA:29,17
DA:35,3
LF:17
LH:15
BRDA:27,0,0,17
BRDA:27,0,1,6
BRF:2
BRH:2
end_of_record
TN:
SF:db.js
FNF:0
FNH:0
DA:3,3
DA:9,3
DA:10,3
DA:12,0
DA:15,3
DA:17,3
DA:19,3
LF:7
LH:6
BRDA:9,0,0,3
BRDA:9,0,1,0
BRF:2
BRH:1
end_of_record
TN:
SF:expressError.js
FN:8,(anonymous_0)
FNF:1
FNH:1
FNDA:11,(anonymous_0)
DA:9,11
DA:10,11
DA:11,11
DA:12,11
DA:17,3
LF:5
LH:5
BRF:0
BRH:0
end_of_record
TN:
SF:routes\companies.js
FN:10,(anonymous_0)
FN:21,(anonymous_1)
FN:61,(anonymous_2)
FN:81,(anonymous_3)
FN:104,(anonymous_4)
FNF:5
FNH:5
FNDA:1,(anonymous_0)
FNDA:2,(anonymous_1)
FNDA:2,(anonymous_2)
FNDA:3,(anonymous_3)
FNDA:2,(anonymous_4)
DA:3,3
DA:4,3
DA:5,3
DA:6,3
DA:7,3
DA:10,3
DA:11,1
DA:12,1
DA:13,1
DA:15,0
DA:21,3
DA:22,2
DA:23,2
DA:28,2
DA:35,2
DA:44,2
DA:45,1
DA:51,1
DA:52,1
DA:53,1
DA:54,1
DA:56,1
DA:61,3
DA:62,2
DA:63,2
DA:74,1
DA:76,1
DA:81,3
DA:82,3
DA:83,3
DA:91,2
DA:92,1
DA:97,1
DA:99,2
DA:104,3
DA:105,2
DA:106,2
DA:111,2
DA:112,1
DA:117,1
DA:119,1
DA:123,3
LF:42
LH:41
BRDA:44,0,0,1
BRDA:44,0,1,1
BRDA:91,1,0,1
BRDA:91,1,1,1
BRDA:111,2,0,1
BRDA:111,2,1,1
BRF:6
BRH:6
end_of_record
TN:
SF:routes\industries.js
FN:9,(anonymous_0)
FN:21,(anonymous_1)
FN:41,(anonymous_2)
FN:51,(anonymous_3)
FN:66,(anonymous_4)
FN:81,(anonymous_5)
FNF:6
FNH:6
FNDA:1,(anonymous_0)
FNDA:2,(anonymous_1)
FNDA:1,(anonymous_2)
FNDA:2,(anonymous_3)
FNDA:3,(anonymous_4)
FNDA:2,(anonymous_5)
DA:3,3
DA:4,3
DA:5,3
DA:6,3
DA:9,3
DA:10,1
DA:11,1
DA:14,1
DA:16,0
DA:21,3
DA:22,2
DA:23,2
DA:33,2
DA:34,1
DA:40,1
DA:41,1
DA:42,1
DA:44,1
DA:46,1
DA:51,3
DA:52,2
DA:53,2
DA:59,1
DA:61,1
DA:66,3
DA:67,3
DA:68,3
DA:74,1
DA:76,2
DA:81,3
DA:82,2
DA:83,2
DA:88,2
DA:89,2
DA:94,0
DA:96,2
DA:100,3
LF:37
LH:35
BRDA:33,0,0,1
BRDA:33,0,1,1
BRDA:88,1,0,2
BRDA:88,1,1,0
BRF:4
BRH:3
end_of_record
TN:
SF:routes\invoices.js
FN:9,(anonymous_0)
FN:20,(anonymous_1)
FN:57,(anonymous_2)
FN:73,(anonymous_3)
FN:126,(anonymous_4)
FNF:5
FNH:5
FNDA:1,(anonymous_0)
FNDA:2,(anonymous_1)
FNDA:1,(anonymous_2)
FNDA:3,(anonymous_3)
FNDA:2,(anonymous_4)
DA:3,3
DA:4,3
DA:5,3
DA:6,3
DA:9,3
DA:10,1
DA:11,1
DA:12,1
DA:14,0
DA:20,3
DA:21,2
DA:22,2
DA:30,2
DA:31,2
DA:37,0
DA:50,0
DA:52,2
DA:57,3
DA:58,1
DA:59,1
DA:66,1
DA:68,0
DA:73,3
DA:74,3
DA:75,3
DA:84,2
DA:85,2
DA:89,0
DA:90,0
DA:97,0
DA:98,0
DA:105,0
DA:106,0
DA:114,0
DA:119,0
DA:121,3
DA:126,3
DA:127,2
DA:128,2
DA:133,2
DA:134,1
DA:139,1
DA:141,1
DA:145,3
LF:44
LH:32
BRDA:30,0,0,2
BRDA:30,0,1,0
BRDA:84,1,0,2
BRDA:84,1,1,0
BRDA:89,2,0,0
BRDA:89,2,1,0
BRDA:97,3,0,0
BRDA:97,3,1,0
BRDA:97,4,0,0
BRDA:97,4,1,0
BRDA:105,5,0,0
BRDA:105,5,1,0
BRDA:105,6,0,0
BRDA:105,6,1,0
BRDA:133,7,0,1
BRDA:133,7,1,1
BRF:16
BRH:4
end_of_record
